<?xml version="1.0" encoding="UTF-8"?>
<testng-results ignored="0" total="3" passed="3" failed="0" skipped="0">
  <reporter-output>
  </reporter-output>
  <suite started-at="2023-03-06T16:18:19 IST" name="PhpTravels" finished-at="2023-03-06T16:19:38 IST" duration-ms="78638">
    <groups>
    </groups>
    <test started-at="2023-03-06T16:18:19 IST" name="Login/Logout Admin Module" finished-at="2023-03-06T16:18:35 IST" duration-ms="16250">
      <class name="phptravels.tests.LoginLogoutAdminCode">
        <test-method signature="login()[pri:0, instance:phptravels.tests.LoginLogoutAdminCode@4efac082]" started-at="2023-03-06T16:18:19 IST" name="login" finished-at="2023-03-06T16:18:35 IST" duration-ms="16201" status="PASS">
          <reporter-output>
          </reporter-output>
        </test-method> <!-- login -->
      </class> <!-- phptravels.tests.LoginLogoutAdminCode -->
    </test> <!-- Login/Logout Admin Module -->
    <test started-at="2023-03-06T16:18:35 IST" name="Signup/Login Customer Module" finished-at="2023-03-06T16:19:08 IST" duration-ms="32742">
      <class name="phptravels.tests.SignUpCustomerCode">
        <test-method signature="SignUp()[pri:0, instance:phptravels.tests.SignUpCustomerCode@173ed316]" started-at="2023-03-06T16:18:35 IST" name="SignUp" finished-at="2023-03-06T16:19:08 IST" duration-ms="32740" status="PASS">
          <reporter-output>
          </reporter-output>
        </test-method> <!-- SignUp -->
      </class> <!-- phptravels.tests.SignUpCustomerCode -->
    </test> <!-- Signup/Login Customer Module -->
    <test started-at="2023-03-06T16:19:08 IST" name="NavigationLinks/Logout Customer Module" finished-at="2023-03-06T16:19:38 IST" duration-ms="29608">
      <class name="phptravels.tests.NavigationLinksCustomerCode">
        <test-method signature="NavigationLink()[pri:0, instance:phptravels.tests.NavigationLinksCustomerCode@27406a17]" started-at="2023-03-06T16:19:08 IST" name="NavigationLink" finished-at="2023-03-06T16:19:38 IST" duration-ms="29606" status="PASS">
          <reporter-output>
          </reporter-output>
        </test-method> <!-- NavigationLink -->
      </class> <!-- phptravels.tests.NavigationLinksCustomerCode -->
    </test> <!-- NavigationLinks/Logout Customer Module -->
  </suite> <!-- PhpTravels -->
</testng-results>
